building_id, mean_temp, std_temp, pct_above_18, pct_below_15
10000, 14.012338788112752, 6.367431059312565, 30.941014791508444, 55.542295034537624
10009, 11.000135812436369, 5.811144379826625, 16.6712734948236, 74.9723590310584
10014, 14.744169941950117, 7.037733284673849, 38.26367541377415, 52.80837116508215
10019, 14.735524480624484, 7.030325006703675, 38.14915412864569, 52.92926826787113
10029, 10.616037322820358, 6.317331938274926, 18.25563221896085, 74.51301795448481
10031, 12.507072852890545, 6.278432089100354, 24.044722033998173, 66.39513301711693
10051, 13.289039951277404, 5.999085063388632, 25.97693550756574, 62.859923608050536
10053, 11.366493551285707, 6.26121798185875, 19.9510754583921, 72.41052538787024
10056, 14.220114507861702, 6.179461157398302, 31.763454814173965, 57.06174975667784
10064, 12.716968937395848, 6.964227784263681, 28.79137124461432, 62.75688345539249

------------------------------------------------------------
Sender: LSF System <lsfadmin@hpc.dtu.dk>
Subject: Job 24834650: <gpujob> in cluster <dcc> Done

Job <gpujob> was submitted from host <n-62-27-17> by user <s224227> in cluster <dcc> at Wed Apr 30 10:59:15 2025
Job was executed on host(s) <4*n-62-12-22>, in queue <c02613>, as user <s224227> in cluster <dcc> at Wed Apr 30 10:59:16 2025
</zhome/d1/b/187261> was used as the home directory.
</zhome/d1/b/187261/Desktop/02613-HPC> was used as the working directory.
Started at Wed Apr 30 10:59:16 2025
Terminated at Wed Apr 30 10:59:46 2025
Results reported at Wed Apr 30 10:59:46 2025

Your job looked like:

------------------------------------------------------------
# LSBATCH: User input
#!/bin/sh
#BSUB -q c02613
#BSUB -J gpujob
#BSUB -n 4
#BSUB -R "span[hosts=1]"
#BSUB -R "rusage[mem=1GB]"
#BSUB -gpu "num=1:mode=exclusive_process"
#BSUB -W 00:30
#BSUB -o 9_cupy_%J.out
#BSUB -e 9_cupy_%J.err
source /dtu/projects/02613_2025/conda/conda_init.sh
conda activate 02613

time python py_filer/9_cupy.py 10
------------------------------------------------------------

Successfully completed.

Resource usage summary:

    CPU time :                                   27.55 sec.
    Max Memory :                                 93 MB
    Average Memory :                             93.00 MB
    Total Requested Memory :                     4096.00 MB
    Delta Memory :                               4003.00 MB
    Max Swap :                                   -
    Max Processes :                              4
    Max Threads :                                7
    Run time :                                   67 sec.
    Turnaround time :                            31 sec.

The output (if any) is above this job summary.



PS:

Read file <9_cupy_24834650.err> for stderr output of this job.

