Loaded module: cuda/11.8
Traceback (most recent call last):
  File "/zhome/5f/a/186998/Desktop/HPC_course/02613-HPC/py_filer/simulate_numba_cuda.py", line 142, in <module>
    u_cuda = jacobi_cuda(all_u0[i], indices, MAX_ITER)
             ^^^^^^^^^^^^^^^^^^^^^^^^^^^^^^^^^^^^^^^^^
  File "/zhome/5f/a/186998/Desktop/HPC_course/02613-HPC/py_filer/simulate_numba_cuda.py", line 77, in jacobi_cuda
    jacobi_kernel[blocks_per_grid, threads_per_block](u_device, u_new_device, indices_device, N, M)
  File "/dtu/projects/02613_2025/conda/miniconda3/envs/02613/lib/python3.11/site-packages/numba/cuda/dispatcher.py", line 539, in __call__
    return self.dispatcher.call(args, self.griddim, self.blockdim,
           ^^^^^^^^^^^^^^^^^^^^^^^^^^^^^^^^^^^^^^^^^^^^^^^^^^^^^^^
  File "/dtu/projects/02613_2025/conda/miniconda3/envs/02613/lib/python3.11/site-packages/numba/cuda/dispatcher.py", line 673, in call
    kernel = _dispatcher.Dispatcher._cuda_call(self, *args)
             ^^^^^^^^^^^^^^^^^^^^^^^^^^^^^^^^^^^^^^^^^^^^^^
  File "/dtu/projects/02613_2025/conda/miniconda3/envs/02613/lib/python3.11/site-packages/numba/cuda/dispatcher.py", line 681, in _compile_for_args
    return self.compile(tuple(argtypes))
           ^^^^^^^^^^^^^^^^^^^^^^^^^^^^^
  File "/dtu/projects/02613_2025/conda/miniconda3/envs/02613/lib/python3.11/site-packages/numba/cuda/dispatcher.py", line 924, in compile
    kernel = _Kernel(self.py_func, argtypes, **self.targetoptions)
             ^^^^^^^^^^^^^^^^^^^^^^^^^^^^^^^^^^^^^^^^^^^^^^^^^^^^^
  File "/dtu/projects/02613_2025/conda/miniconda3/envs/02613/lib/python3.11/site-packages/numba/core/compiler_lock.py", line 35, in _acquire_compile_lock
    return func(*args, **kwargs)
           ^^^^^^^^^^^^^^^^^^^^^
  File "/dtu/projects/02613_2025/conda/miniconda3/envs/02613/lib/python3.11/site-packages/numba/cuda/dispatcher.py", line 83, in __init__
    cres = compile_cuda(self.py_func, types.void, self.argtypes,
           ^^^^^^^^^^^^^^^^^^^^^^^^^^^^^^^^^^^^^^^^^^^^^^^^^^^^^
  File "/dtu/projects/02613_2025/conda/miniconda3/envs/02613/lib/python3.11/site-packages/numba/core/compiler_lock.py", line 35, in _acquire_compile_lock
    return func(*args, **kwargs)
           ^^^^^^^^^^^^^^^^^^^^^
  File "/dtu/projects/02613_2025/conda/miniconda3/envs/02613/lib/python3.11/site-packages/numba/cuda/compiler.py", line 194, in compile_cuda
    cres = compiler.compile_extra(typingctx=typingctx,
           ^^^^^^^^^^^^^^^^^^^^^^^^^^^^^^^^^^^^^^^^^^^
  File "/dtu/projects/02613_2025/conda/miniconda3/envs/02613/lib/python3.11/site-packages/numba/core/compiler.py", line 770, in compile_extra
    return pipeline.compile_extra(func)
           ^^^^^^^^^^^^^^^^^^^^^^^^^^^^
  File "/dtu/projects/02613_2025/conda/miniconda3/envs/02613/lib/python3.11/site-packages/numba/core/compiler.py", line 461, in compile_extra
    return self._compile_bytecode()
           ^^^^^^^^^^^^^^^^^^^^^^^^
  File "/dtu/projects/02613_2025/conda/miniconda3/envs/02613/lib/python3.11/site-packages/numba/core/compiler.py", line 529, in _compile_bytecode
    return self._compile_core()
           ^^^^^^^^^^^^^^^^^^^^
  File "/dtu/projects/02613_2025/conda/miniconda3/envs/02613/lib/python3.11/site-packages/numba/core/compiler.py", line 508, in _compile_core
    raise e
  File "/dtu/projects/02613_2025/conda/miniconda3/envs/02613/lib/python3.11/site-packages/numba/core/compiler.py", line 495, in _compile_core
    pm.run(self.state)
  File "/dtu/projects/02613_2025/conda/miniconda3/envs/02613/lib/python3.11/site-packages/numba/core/compiler_machinery.py", line 368, in run
    raise patched_exception
  File "/dtu/projects/02613_2025/conda/miniconda3/envs/02613/lib/python3.11/site-packages/numba/core/compiler_machinery.py", line 356, in run
    self._runPass(idx, pass_inst, state)
  File "/dtu/projects/02613_2025/conda/miniconda3/envs/02613/lib/python3.11/site-packages/numba/core/compiler_lock.py", line 35, in _acquire_compile_lock
    return func(*args, **kwargs)
           ^^^^^^^^^^^^^^^^^^^^^
  File "/dtu/projects/02613_2025/conda/miniconda3/envs/02613/lib/python3.11/site-packages/numba/core/compiler_machinery.py", line 311, in _runPass
    mutated |= check(pss.run_pass, internal_state)
               ^^^^^^^^^^^^^^^^^^^^^^^^^^^^^^^^^^^
  File "/dtu/projects/02613_2025/conda/miniconda3/envs/02613/lib/python3.11/site-packages/numba/core/compiler_machinery.py", line 273, in check
    mangled = func(compiler_state)
              ^^^^^^^^^^^^^^^^^^^^
  File "/dtu/projects/02613_2025/conda/miniconda3/envs/02613/lib/python3.11/site-packages/numba/core/typed_passes.py", line 110, in run_pass
    typemap, return_type, calltypes, errs = type_inference_stage(
                                            ^^^^^^^^^^^^^^^^^^^^^
  File "/dtu/projects/02613_2025/conda/miniconda3/envs/02613/lib/python3.11/site-packages/numba/core/typed_passes.py", line 91, in type_inference_stage
    errs = infer.propagate(raise_errors=raise_errors)
           ^^^^^^^^^^^^^^^^^^^^^^^^^^^^^^^^^^^^^^^^^^
  File "/dtu/projects/02613_2025/conda/miniconda3/envs/02613/lib/python3.11/site-packages/numba/core/typeinfer.py", line 1086, in propagate
    raise errors[0]
numba.core.errors.TypingError: Failed in cuda mode pipeline (step: nopython frontend)
No implementation of function Function(<class 'str'>) found for signature:
 
 >>> str(int32)
 
There are 4 candidate implementations:
      - Of which 2 did not match due to:
      Overload in function 'ol_str_generic': File: numba/cpython/builtins.py: Line 994.
        With argument(s): '(int32)':
       Rejected as the implementation raised a specific error:
         TypingError: Failed in cuda mode pipeline (step: nopython frontend)
       No implementation of function Function(<built-in function getattr>) found for signature:
        
        >>> getattr(int32, Literal[str](__str__))
        
       There are 4 candidate implementations:
             - Of which 1 did not match due to:
             Overload in function 'ol_getattr_2': File: numba/cpython/builtins.py: Line 929.
               With argument(s): '(int32, Literal[str](__str__))':
              Rejected as the implementation raised a specific error:
                NumbaRuntimeError: Failed in cuda mode pipeline (step: native lowering)
              NRT required but not enabled
              During: lowering "$36call.5 = call $4load_global.0(obj, name, $20load_global.4, func=$4load_global.0, args=[Var(obj, builtins.py:931), Var(name, builtins.py:931), Var($20load_global.4, builtins.py:932)], kws=(), vararg=None, varkwarg=None, target=None)" at /dtu/projects/02613_2025/conda/miniconda3/envs/02613/lib/python3.11/site-packages/numba/cpython/builtins.py (932)
         raised from /dtu/projects/02613_2025/conda/miniconda3/envs/02613/lib/python3.11/site-packages/numba/core/runtime/context.py:42
             - Of which 1 did not match due to:
             Overload in function 'ol_getattr_2': File: numba/cpython/builtins.py: Line 929.
               With argument(s): '(int32, unicode_type)':
              Rejected as the implementation raised a specific error:
                TypingError: Failed in cuda mode pipeline (step: nopython frontend)
              No implementation of function Function(<intrinsic resolve_getattr>) found for signature:
               
               >>> resolve_getattr(int32, unicode_type, _getattr_default_type())
               
              There are 2 candidate implementations:
                    - Of which 2 did not match due to:
                    Intrinsic in function 'resolve_getattr': File: numba/cpython/builtins.py: Line 864.
                      With argument(s): '(int32, unicode_type, _getattr_default_type())':
                     Rejected as the implementation raised a specific error:
                       RequireLiteralValue: argument 'name' must be a literal string
                raised from /dtu/projects/02613_2025/conda/miniconda3/envs/02613/lib/python3.11/site-packages/numba/cpython/builtins.py:867
              
              During: resolving callee type: Function(<intrinsic resolve_getattr>)
              During: typing of call at /dtu/projects/02613_2025/conda/miniconda3/envs/02613/lib/python3.11/site-packages/numba/cpython/builtins.py (932)
              
              
              File "../../../../../../../dtu/projects/02613_2025/conda/miniconda3/envs/02613/lib/python3.11/site-packages/numba/cpython/builtins.py", line 932:
                  def impl(obj, name):
                      return resolve_getattr(obj, name, _getattr_default)
                      ^
       
         raised from /dtu/projects/02613_2025/conda/miniconda3/envs/02613/lib/python3.11/site-packages/numba/core/typeinfer.py:1086
             - Of which 2 did not match due to:
             Overload in function 'ol_getattr_3': File: numba/cpython/builtins.py: Line 940.
               With argument(s): '(int32, unicode_type)':
              Rejected as the implementation raised a specific error:
                TypingError: missing a required argument: 'default'
         raised from /dtu/projects/02613_2025/conda/miniconda3/envs/02613/lib/python3.11/site-packages/numba/core/typing/templates.py:784
       
       During: resolving callee type: Function(<built-in function getattr>)
       During: typing of call at /dtu/projects/02613_2025/conda/miniconda3/envs/02613/lib/python3.11/site-packages/numba/cpython/builtins.py (999)
       
       
       File "../../../../../../../dtu/projects/02613_2025/conda/miniconda3/envs/02613/lib/python3.11/site-packages/numba/cpython/builtins.py", line 999:
           def impl(object=""):
               <source elided>
               if hasattr(object, attr) == True:
                   return getattr(object, attr)()
                   ^

  raised from /dtu/projects/02613_2025/conda/miniconda3/envs/02613/lib/python3.11/site-packages/numba/core/typeinfer.py:1086
      - Of which 2 did not match due to:
      Overload of function 'str': File: numba/experimental/jitclass/overloads.py: Line 158.
        With argument(s): '(int32)':
       No match.

During: resolving callee type: Function(<class 'str'>)
During: typing of call at /zhome/5f/a/186998/Desktop/HPC_course/02613-HPC/py_filer/simulate_numba_cuda.py (40)


File "py_filer/simulate_numba_cuda.py", line 40:
def jacobi_kernel(u, u_new, indices, N, M):
    <source elided>
            if i == 10 and j == 10:  # Just as an example for debugging at a specific point
                print(f"Thread {idx} updating point ({i}, {j})")
                ^

