NumPy Jacobi time: 105.0369 seconds
CUDA Jacobi time: 3.7865 seconds

------------------------------------------------------------
Sender: LSF System <lsfadmin@hpc.dtu.dk>
Subject: Job 24834605: <numbacuda> in cluster <dcc> Done

Job <numbacuda> was submitted from host <n-62-30-6> by user <s224225> in cluster <dcc> at Wed Apr 30 10:54:02 2025
Job was executed on host(s) <4*n-62-12-22>, in queue <c02613>, as user <s224225> in cluster <dcc> at Wed Apr 30 10:54:04 2025
</zhome/5f/a/186998> was used as the home directory.
</zhome/5f/a/186998/Desktop/HPC_course/02613-HPC> was used as the working directory.
Started at Wed Apr 30 10:54:04 2025
Terminated at Wed Apr 30 10:55:58 2025
Results reported at Wed Apr 30 10:55:58 2025

Your job looked like:

------------------------------------------------------------
# LSBATCH: User input
#!/bin/bash

#BSUB -J numbacuda
#BSUB -q c02613
#BSUB -W 00:10
#BSUB -n 4
#BSUB -R "rusage[mem=1G]" 
#BSUB -R "span[hosts=1]"
#BSUB -gpu "num=1:mode=exclusive_process"
#BSUB -n 1
#BSUB -o Output/cuda7_%J.out
#BSUB -e Output/cuda7_%J.err


export PYTHONPATH=$PYTHONPATH:$(pwd)/py_filer

source /dtu/projects/02613_2025/conda/conda_init.sh
conda activate 02613

python py_filer/simulate_numba_cuda.py 10
------------------------------------------------------------

Successfully completed.

Resource usage summary:

    CPU time :                                   111.69 sec.
    Max Memory :                                 113 MB
    Average Memory :                             107.33 MB
    Total Requested Memory :                     4096.00 MB
    Delta Memory :                               3983.00 MB
    Max Swap :                                   -
    Max Processes :                              4
    Max Threads :                                5
    Run time :                                   116 sec.
    Turnaround time :                            116 sec.

The output (if any) is above this job summary.



PS:

Read file <Output/cuda7_24834605.err> for stderr output of this job.

