building_id, mean_temp, std_temp, pct_above_18, pct_below_15
10000, 14.01233878811275, 6.367431059312565, 30.941014791508444, 55.542295034537624
Wrote profile results to simulate.py.lprof
Inspect results with:
python -m line_profiler -rmt "simulate.py.lprof"

------------------------------------------------------------
Sender: LSF System <lsfadmin@hpc.dtu.dk>
Subject: Job 24761971: <simulate_time> in cluster <dcc> Done

Job <simulate_time> was submitted from host <n-62-30-7> by user <s224225> in cluster <dcc> at Wed Apr 23 09:54:46 2025
Job was executed on host(s) <n-62-31-4>, in queue <hpc>, as user <s224225> in cluster <dcc> at Wed Apr 23 09:54:47 2025
</zhome/5f/a/186998> was used as the home directory.
</zhome/5f/a/186998/Desktop/HPC_course/02613-HPC> was used as the working directory.
Started at Wed Apr 23 09:54:47 2025
Terminated at Wed Apr 23 09:54:57 2025
Results reported at Wed Apr 23 09:54:57 2025

Your job looked like:

------------------------------------------------------------
# LSBATCH: User input
#!/bin/bash

#BSUB -J simulate_time
#BSUB -q hpc
#BSUB -W 5
#BSUB -R "rusage[mem=2G]" 
#BSUB -R "select[model == XeonGold6126]"
#BSUB -R "span[hosts=1]"
#BSUB -n 1
#BSUB -o Output/kernprof_%J.out
#BSUB -e Output/Kernprof_%J.err


export PYTHONPATH=$PYTHONPATH:$(pwd)/py_filer

source /dtu/projects/02613_2025/conda/conda_init.sh
conda activate 02613

kernprof -l py_filer/simulate.py
------------------------------------------------------------

Successfully completed.

Resource usage summary:

    CPU time :                                   8.26 sec.
    Max Memory :                                 49 MB
    Average Memory :                             49.00 MB
    Total Requested Memory :                     2048.00 MB
    Delta Memory :                               1999.00 MB
    Max Swap :                                   -
    Max Processes :                              4
    Max Threads :                                5
    Run time :                                   14 sec.
    Turnaround time :                            11 sec.

The output (if any) is above this job summary.



PS:

Read file <Output/Kernprof_24761971.err> for stderr output of this job.

