NumPy Jacobi time: 65.1842 seconds
Numba Jacobi time: 41.7996 seconds
Difference between implementations: 0.000000

------------------------------------------------------------
Sender: LSF System <lsfadmin@hpc.dtu.dk>
Subject: Job 24763174: <numba6> in cluster <dcc> Done

Job <numba6> was submitted from host <n-62-30-7> by user <s224225> in cluster <dcc> at Wed Apr 23 11:03:18 2025
Job was executed on host(s) <n-62-31-21>, in queue <hpc>, as user <s224225> in cluster <dcc> at Wed Apr 23 11:03:19 2025
</zhome/5f/a/186998> was used as the home directory.
</zhome/5f/a/186998/Desktop/HPC_course/02613-HPC> was used as the working directory.
Started at Wed Apr 23 11:03:19 2025
Terminated at Wed Apr 23 11:05:15 2025
Results reported at Wed Apr 23 11:05:15 2025

Your job looked like:

------------------------------------------------------------
# LSBATCH: User input
#!/bin/bash

#BSUB -J numba6
#BSUB -q hpc
#BSUB -W 15
#BSUB -R "rusage[mem=2G]" 
#BSUB -R "select[model == XeonGold6126]"
#BSUB -R "span[hosts=1]"
#BSUB -n 1
#BSUB -o Output/numba6_%J.out
#BSUB -e Output/numba6_%J.err


export PYTHONPATH=$PYTHONPATH:$(pwd)/py_filer

source /dtu/projects/02613_2025/conda/conda_init.sh
conda activate 02613

python py_filer/simulate_numba.py 10
------------------------------------------------------------

Successfully completed.

Resource usage summary:

    CPU time :                                   111.02 sec.
    Max Memory :                                 152 MB
    Average Memory :                             141.00 MB
    Total Requested Memory :                     2048.00 MB
    Delta Memory :                               1896.00 MB
    Max Swap :                                   -
    Max Processes :                              4
    Max Threads :                                5
    Run time :                                   118 sec.
    Turnaround time :                            117 sec.

The output (if any) is above this job summary.



PS:

Read file <Output/numba6_24763174.err> for stderr output of this job.

