
------------------------------------------------------------
Sender: LSF System <lsfadmin@hpc.dtu.dk>
Subject: Job 24763458: <numba6> in cluster <dcc> Exited

Job <numba6> was submitted from host <n-62-27-19> by user <s224225> in cluster <dcc> at Wed Apr 23 11:25:59 2025
Job was executed on host(s) <n-62-31-24>, in queue <hpc>, as user <s224225> in cluster <dcc> at Wed Apr 23 11:25:59 2025
</zhome/5f/a/186998> was used as the home directory.
</zhome/5f/a/186998/Desktop/HPC_course/02613-HPC> was used as the working directory.
Started at Wed Apr 23 11:25:59 2025
Terminated at Wed Apr 23 11:26:09 2025
Results reported at Wed Apr 23 11:26:09 2025

Your job looked like:

------------------------------------------------------------
# LSBATCH: User input
#!/bin/bash

#BSUB -J numba6
#BSUB -q hpc
#BSUB -W 15
#BSUB -R "rusage[mem=2G]" 
#BSUB -R "select[model == XeonGold6126]"
#BSUB -R "span[hosts=1]"
#BSUB -n 1
#BSUB -o Output/numba6_%J.out
#BSUB -e Output/numba6_%J.err


export PYTHONPATH=$PYTHONPATH:$(pwd)/py_filer

source /dtu/projects/02613_2025/conda/conda_init.sh
conda activate 02613

python py_filer/simulate_numba.py 100
------------------------------------------------------------

TERM_OWNER: job killed by owner.
Exited with exit code 130.

Resource usage summary:

    CPU time :                                   6.17 sec.
    Max Memory :                                 323 MB
    Average Memory :                             323.00 MB
    Total Requested Memory :                     2048.00 MB
    Delta Memory :                               1725.00 MB
    Max Swap :                                   -
    Max Processes :                              4
    Max Threads :                                5
    Run time :                                   14 sec.
    Turnaround time :                            10 sec.

The output (if any) is above this job summary.



PS:

Read file <Output/numba6_24763458.err> for stderr output of this job.

